<html xmlns:math="http://exslt.org/math" xmlns:testng="http://testng.org">
   <head>
      <title>TestNG Results</title>
      <meta http-equiv="content-type" content="text/html; charset=utf-8"></meta>
      <meta http-equiv="pragma" content="no-cache"></meta>
      <meta http-equiv="cache-control" content="max-age=0"></meta>
      <meta http-equiv="cache-control" content="no-cache"></meta>
      <meta http-equiv="cache-control" content="no-store"></meta>
      <LINK rel="stylesheet" href="style.css"></LINK>
      <script type="text/javascript" src="main.js"></script>
   </head>
   <body>
      <table width="100%" style="font-size: 16px; margin-bottom: 10px;" cellspacing="1">
         <tr>
            <td width="100%">
               Test case
               
               <b>Default test</b>
            </td>
            <td style="background-color: #FFBBBB; padding: 3px 3px 3px 0;" align="center">
               <div style="width: 50px;">3</div>
            </td>
            <td style="background-color: lightgreen; padding: 3px 3px 3px 0;" align="center">
               <div style="width: 50px;">3</div>
            </td>
            <td style="background-color: #FFFFBB; padding: 3px 3px 3px 0;" align="center">
               <div style="width: 50px;">0</div>
            </td>
            <td align="center" style="background-color: #eaf0f7; padding: 3px 3px 3px 0;">
               <div style="width: 50px;">6</div>
            </td>
            <td align="center"
                style="font-weight: bold; background-color: #eaf0f7; padding: 3px 3px 3px 0;">
               <div style="width: 50px;">50%</div>
            </td>
            <td style="background-color: #eaf0f7; padding: 3px 3px 3px 0;" align="center"
                nowrap="true">2m
               11s
               
            </td>
         </tr>
      </table>
      <div style="width: 200px;">
         <label for="groupMethodsCheckBox" style="font-weight: bold; margin: 0;">
            <input id="groupMethodsCheckBox" type="checkbox" onclick="switchTestMethodsView(this)"></input>
            Group by class
            
         </label>
         <br></br>
         <label for="methodsFilter_ALL" style="font-weight: bold; margin: 0;">
            <input id="methodsFilter_ALL" type="checkbox"
                   onclick="testMethodsFilterChanged(this, 'ALL')"></input>
            All
            
         </label>
      </div>
      <label for="methodsFilter_FAIL" style="margin-left: 20px;">
         <input id="methodsFilter_FAIL" type="checkbox"
                onclick="testMethodsFilterChanged(this, 'FAIL')"
                checked=""></input>
         Failed
         
      </label>
      <label for="methodsFilter_PASS">
         <input id="methodsFilter_PASS" type="checkbox"
                onclick="testMethodsFilterChanged(this, 'PASS')"
                checked=""></input>
         Passed
         
      </label>
      <label for="methodsFilter_SKIP">
         <input id="methodsFilter_SKIP" type="checkbox"
                onclick="testMethodsFilterChanged(this, 'SKIP')"
                checked=""></input>
         Skipped
         
      </label>
      <label for="methodsFilter_CONF">
         <input id="methodsFilter_CONF" type="checkbox"
                onclick="testMethodsFilterChanged(this, 'CONF')"></input>
         Config
         
      </label>
      <br></br>
      <div id="testMethodsByStatus">
         <table class="testMethodsTable" cellpadding="0" cellspacing="0">
            <tr class="methodsTableHeader">
               <td width="100%">Name</td>
               <td nowrap="true">Started</td>
               <td nowrap="true">Duration</td>
               <td>Exception</td>
            </tr>
            <tr id="TestCases.LoginTests_verifyErrMsgWhenCompanyIdFieldIsEmpty_byStatus_failed_FAIL1_row"
                class="testMethodStatusFAIL">
               <td width="100%" class="firstMethodCell">
                  <a onclick="toggleDetailsVisibility('TestCases.LoginTests_verifyErrMsgWhenCompanyIdFieldIsEmpty_byStatus_failed_FAIL1_details')">verifyErrMsgWhenCompanyIdFieldIsEmpty({CompanyId Error Message=XrequiredX})</a>
               </td>
               <td nowrap="true">18:13:07</td>
               <td nowrap="true" align="right">27s
                  
               </td>
               <td nowrap="true">
                  <a onclick="toggleDetailsVisibility('TestCases.LoginTests_verifyErrMsgWhenCompanyIdFieldIsEmpty_byStatus_failed_FAIL1_exception')">java.lang.AssertionError: 
                     expected [CompanyId Error Message - XrequiredX] but found [Wrong CompanyId Error Message - XrequiredX]
                     
                  </a>
                   
                  
               </td>
            </tr>
            <tr>
               <td colspan="4" class="detailsBox">
                  <div id="TestCases.LoginTests_verifyErrMsgWhenCompanyIdFieldIsEmpty_byStatus_failed_FAIL1_details"
                       class="testMethodDetails">
                     <div>
                        <b>Name: </b>verifyErrMsgWhenCompanyIdFieldIsEmpty
                     </div>
                     <div>
                        <b>Signature: </b>verifyErrMsgWhenCompanyIdFieldIsEmpty(java.util.Hashtable)[pri:0, instance:TestCases.LoginTests@f1257f]
                     </div>
                     <div>
                        <b>Parameters: </b>
                        
                        {CompanyId Error Message=XrequiredX}
                        
                        
                     </div>
                     <div>
                        <b>Start time: </b>18:13:07
                     </div>
                     <div>
                        <b>End time: </b>18:13:34
                     </div>
                     <div>
                        <b>Duration: </b>27s
                        
                     </div>
                  </div>
               </td>
            </tr>
            <tr>
               <td colspan="4" class="detailsBox">
                  <div id="TestCases.LoginTests_verifyErrMsgWhenCompanyIdFieldIsEmpty_byStatus_failed_FAIL1_exception"
                       class="testMethodDetails">
                     <pre style="padding: 5px; margin: 0;">java.lang.AssertionError: expected [CompanyId Error Message - XrequiredX] but found [Wrong CompanyId Error Message - XrequiredX]
                        	at org.testng.Assert.fail(Assert.java:94)
                        	at org.testng.Assert.failNotEquals(Assert.java:494)
                        	at org.testng.Assert.assertEquals(Assert.java:123)
                        	at org.testng.Assert.assertEquals(Assert.java:176)
                        	at org.testng.Assert.assertEquals(Assert.java:186)
                        	at TestCases.LoginTests.verifyErrMsgWhenCompanyIdFieldIsEmpty(LoginTests.java:327)
                        	at sun.reflect.NativeMethodAccessorImpl.invoke0(Native Method)
                        	at sun.reflect.NativeMethodAccessorImpl.invoke(Unknown Source)
                        	at sun.reflect.DelegatingMethodAccessorImpl.invoke(Unknown Source)
                        	at java.lang.reflect.Method.invoke(Unknown Source)
                        	at org.testng.internal.MethodInvocationHelper.invokeMethod(MethodInvocationHelper.java:84)
                        	at org.testng.internal.Invoker.invokeMethod(Invoker.java:714)
                        	at org.testng.internal.Invoker.invokeTestMethod(Invoker.java:901)
                        	at org.testng.internal.Invoker.invokeTestMethods(Invoker.java:1231)
                        	at org.testng.internal.TestMethodWorker.invokeTestMethods(TestMethodWorker.java:127)
                        	at org.testng.internal.TestMethodWorker.run(TestMethodWorker.java:111)
                        	at org.testng.TestRunner.privateRun(TestRunner.java:767)
                        	at org.testng.TestRunner.run(TestRunner.java:617)
                        	at org.testng.SuiteRunner.runTest(SuiteRunner.java:334)
                        	at org.testng.SuiteRunner.runSequentially(SuiteRunner.java:329)
                        	at org.testng.SuiteRunner.privateRun(SuiteRunner.java:291)
                        	at org.testng.SuiteRunner.run(SuiteRunner.java:240)
                        	at org.testng.SuiteRunnerWorker.runSuite(SuiteRunnerWorker.java:52)
                        	at org.testng.SuiteRunnerWorker.run(SuiteRunnerWorker.java:86)
                        	at org.testng.TestNG.runSuitesSequentially(TestNG.java:1224)
                        	at org.testng.TestNG.runSuitesLocally(TestNG.java:1149)
                        	at org.testng.TestNG.run(TestNG.java:1057)
                        	at org.testng.remote.RemoteTestNG.run(RemoteTestNG.java:111)
                        	at org.testng.remote.RemoteTestNG.initAndRun(RemoteTestNG.java:204)
                        	at org.testng.remote.RemoteTestNG.main(RemoteTestNG.java:175)
                     </pre>
                  </div>
               </td>
            </tr>
            <tr id="TestCases.LoginTests_verifyLoginWithValidCredentials_byStatus_failed_FAIL2_row"
                class="testMethodStatusFAIL">
               <td width="100%" class="firstMethodCell">
                  <a onclick="toggleDetailsVisibility('TestCases.LoginTests_verifyLoginWithValidCredentials_byStatus_failed_FAIL2_details')">verifyLoginWithValidCredentials({Password=ValidPassword, UserName=ValidName, Company Id=ValidCompanyId})</a>
               </td>
               <td nowrap="true">18:14:07</td>
               <td nowrap="true" align="right">13s
                  
               </td>
               <td nowrap="true">
                  <a onclick="toggleDetailsVisibility('TestCases.LoginTests_verifyLoginWithValidCredentials_byStatus_failed_FAIL2_exception')">java.lang.Error: 
                     Unresolved compilation problems: 
                     	The import Util.TestUtil cannot be resolved
                     	TestUtil cannot be resolved
                     	TestUtil cannot be resolved
                     	TestUtil cannot be resolved
                     	TestUtil cannot be resolved
                     	TestUtil cannot be resolved
                     	TestUtil cannot be resolved
                     	TestUtil cannot be resolved
                     	TestUtil cannot be resolved
                     	TestUtil cannot be resolved
                     	TestUtil cannot be resolved
                     	TestUtil cannot be resolved
                     	TestUtil cannot be resolved
                     	TestUtil cannot be resolved
                     	TestUtil cannot be resolved
                     	TestUtil cannot be resolved
                     	TestUtil cannot be resolved
                     	TestUtil cannot be resolved
                     	TestUtil cannot be resolved
                     	TestUtil cannot be resolved
                     	TestUtil cannot be resolved
                     	TestUtil cannot be resolved
                     	TestUtil cannot be resolved
                     	TestUtil cannot be resolved
                     	TestUtil cannot be resolved
                     	TestUtil cannot be resolved
                     	The method navigateToODLandingPage() is undefined for the type PageHeader
                     	The method navigateToPartLandingPage() is undefined for the type PageHeader
                     	FeatureLandingPage cannot be resolved to a type
                     	The method navigateToFeatureLandingPage() is undefined for the type PageHeader
                     
                     
                  </a>
                   
                  
               </td>
            </tr>
            <tr>
               <td colspan="4" class="detailsBox">
                  <div id="TestCases.LoginTests_verifyLoginWithValidCredentials_byStatus_failed_FAIL2_details"
                       class="testMethodDetails">
                     <div>
                        <b>Name: </b>verifyLoginWithValidCredentials
                     </div>
                     <div>
                        <b>Signature: </b>verifyLoginWithValidCredentials(java.util.Hashtable)[pri:0, instance:TestCases.LoginTests@f1257f]
                     </div>
                     <div>
                        <b>Parameters: </b>
                        
                        {Password=ValidPassword, UserName=ValidName, Company Id=ValidCompanyId}
                        
                        
                     </div>
                     <div>
                        <b>Start time: </b>18:14:07
                     </div>
                     <div>
                        <b>End time: </b>18:14:20
                     </div>
                     <div>
                        <b>Duration: </b>13s
                        
                     </div>
                  </div>
               </td>
            </tr>
            <tr>
               <td colspan="4" class="detailsBox">
                  <div id="TestCases.LoginTests_verifyLoginWithValidCredentials_byStatus_failed_FAIL2_exception"
                       class="testMethodDetails">
                     <pre style="padding: 5px; margin: 0;">java.lang.Error: Unresolved compilation problems: 
                        	The import Util.TestUtil cannot be resolved
                        	TestUtil cannot be resolved
                        	TestUtil cannot be resolved
                        	TestUtil cannot be resolved
                        	TestUtil cannot be resolved
                        	TestUtil cannot be resolved
                        	TestUtil cannot be resolved
                        	TestUtil cannot be resolved
                        	TestUtil cannot be resolved
                        	TestUtil cannot be resolved
                        	TestUtil cannot be resolved
                        	TestUtil cannot be resolved
                        	TestUtil cannot be resolved
                        	TestUtil cannot be resolved
                        	TestUtil cannot be resolved
                        	TestUtil cannot be resolved
                        	TestUtil cannot be resolved
                        	TestUtil cannot be resolved
                        	TestUtil cannot be resolved
                        	TestUtil cannot be resolved
                        	TestUtil cannot be resolved
                        	TestUtil cannot be resolved
                        	TestUtil cannot be resolved
                        	TestUtil cannot be resolved
                        	TestUtil cannot be resolved
                        	TestUtil cannot be resolved
                        	The method navigateToODLandingPage() is undefined for the type PageHeader
                        	The method navigateToPartLandingPage() is undefined for the type PageHeader
                        	FeatureLandingPage cannot be resolved to a type
                        	The method navigateToFeatureLandingPage() is undefined for the type PageHeader
                        
                        	at Pages.DashboardPage.&lt;init&gt;(DashboardPage.java:13)
                        	at Pages.LoginPage.doLogin(LoginPage.java:74)
                        	at TestCases.LoginTests.verifyLoginWithValidCredentials(LoginTests.java:57)
                        	at sun.reflect.NativeMethodAccessorImpl.invoke0(Native Method)
                        	at sun.reflect.NativeMethodAccessorImpl.invoke(Unknown Source)
                        	at sun.reflect.DelegatingMethodAccessorImpl.invoke(Unknown Source)
                        	at java.lang.reflect.Method.invoke(Unknown Source)
                        	at org.testng.internal.MethodInvocationHelper.invokeMethod(MethodInvocationHelper.java:84)
                        	at org.testng.internal.Invoker.invokeMethod(Invoker.java:714)
                        	at org.testng.internal.Invoker.invokeTestMethod(Invoker.java:901)
                        	at org.testng.internal.Invoker.invokeTestMethods(Invoker.java:1231)
                        	at org.testng.internal.TestMethodWorker.invokeTestMethods(TestMethodWorker.java:127)
                        	at org.testng.internal.TestMethodWorker.run(TestMethodWorker.java:111)
                        	at org.testng.TestRunner.privateRun(TestRunner.java:767)
                        	at org.testng.TestRunner.run(TestRunner.java:617)
                        	at org.testng.SuiteRunner.runTest(SuiteRunner.java:334)
                        	at org.testng.SuiteRunner.runSequentially(SuiteRunner.java:329)
                        	at org.testng.SuiteRunner.privateRun(SuiteRunner.java:291)
                        	at org.testng.SuiteRunner.run(SuiteRunner.java:240)
                        	at org.testng.SuiteRunnerWorker.runSuite(SuiteRunnerWorker.java:52)
                        	at org.testng.SuiteRunnerWorker.run(SuiteRunnerWorker.java:86)
                        	at org.testng.TestNG.runSuitesSequentially(TestNG.java:1224)
                        	at org.testng.TestNG.runSuitesLocally(TestNG.java:1149)
                        	at org.testng.TestNG.run(TestNG.java:1057)
                        	at org.testng.remote.RemoteTestNG.run(RemoteTestNG.java:111)
                        	at org.testng.remote.RemoteTestNG.initAndRun(RemoteTestNG.java:204)
                        	at org.testng.remote.RemoteTestNG.main(RemoteTestNG.java:175)
                     </pre>
                  </div>
               </td>
            </tr>
            <tr id="TestCases.LoginTests_verifyScreenComponentsOnLoginPage_byStatus_failed_FAIL3_row"
                class="testMethodStatusFAIL">
               <td width="100%" class="firstMethodCell">
                  <a onclick="toggleDetailsVisibility('TestCases.LoginTests_verifyScreenComponentsOnLoginPage_byStatus_failed_FAIL3_details')">verifyScreenComponentsOnLoginPage()</a>
               </td>
               <td nowrap="true">18:14:20</td>
               <td nowrap="true" align="right">14s
                  
               </td>
               <td nowrap="true">
                  <a onclick="toggleDetailsVisibility('TestCases.LoginTests_verifyScreenComponentsOnLoginPage_byStatus_failed_FAIL3_exception')">java.lang.AssertionError: 
                     expected [Appliction url should open and Login Page should displayed] but found [Some error occured - Not able to login to
                     the application]
                     
                  </a>
                   
                  
               </td>
            </tr>
            <tr>
               <td colspan="4" class="detailsBox">
                  <div id="TestCases.LoginTests_verifyScreenComponentsOnLoginPage_byStatus_failed_FAIL3_details"
                       class="testMethodDetails">
                     <div>
                        <b>Name: </b>verifyScreenComponentsOnLoginPage
                     </div>
                     <div>
                        <b>Signature: </b>verifyScreenComponentsOnLoginPage()[pri:0, instance:TestCases.LoginTests@f1257f]
                     </div>
                     <div>
                        <b>Start time: </b>18:14:20
                     </div>
                     <div>
                        <b>End time: </b>18:14:34
                     </div>
                     <div>
                        <b>Duration: </b>14s
                        
                     </div>
                  </div>
               </td>
            </tr>
            <tr>
               <td colspan="4" class="detailsBox">
                  <div id="TestCases.LoginTests_verifyScreenComponentsOnLoginPage_byStatus_failed_FAIL3_exception"
                       class="testMethodDetails">
                     <pre style="padding: 5px; margin: 0;">java.lang.AssertionError: expected [Appliction url should open and Login Page should displayed] but found [Some error occured
                        - Not able to login to the application]
                        	at org.testng.Assert.fail(Assert.java:94)
                        	at org.testng.Assert.failNotEquals(Assert.java:494)
                        	at org.testng.Assert.assertEquals(Assert.java:123)
                        	at org.testng.Assert.assertEquals(Assert.java:176)
                        	at org.testng.Assert.assertEquals(Assert.java:186)
                        	at TestCases.LoginTests.verifyScreenComponentsOnLoginPage(LoginTests.java:146)
                        	at sun.reflect.NativeMethodAccessorImpl.invoke0(Native Method)
                        	at sun.reflect.NativeMethodAccessorImpl.invoke(Unknown Source)
                        	at sun.reflect.DelegatingMethodAccessorImpl.invoke(Unknown Source)
                        	at java.lang.reflect.Method.invoke(Unknown Source)
                        	at org.testng.internal.MethodInvocationHelper.invokeMethod(MethodInvocationHelper.java:84)
                        	at org.testng.internal.Invoker.invokeMethod(Invoker.java:714)
                        	at org.testng.internal.Invoker.invokeTestMethod(Invoker.java:901)
                        	at org.testng.internal.Invoker.invokeTestMethods(Invoker.java:1231)
                        	at org.testng.internal.TestMethodWorker.invokeTestMethods(TestMethodWorker.java:127)
                        	at org.testng.internal.TestMethodWorker.run(TestMethodWorker.java:111)
                        	at org.testng.TestRunner.privateRun(TestRunner.java:767)
                        	at org.testng.TestRunner.run(TestRunner.java:617)
                        	at org.testng.SuiteRunner.runTest(SuiteRunner.java:334)
                        	at org.testng.SuiteRunner.runSequentially(SuiteRunner.java:329)
                        	at org.testng.SuiteRunner.privateRun(SuiteRunner.java:291)
                        	at org.testng.SuiteRunner.run(SuiteRunner.java:240)
                        	at org.testng.SuiteRunnerWorker.runSuite(SuiteRunnerWorker.java:52)
                        	at org.testng.SuiteRunnerWorker.run(SuiteRunnerWorker.java:86)
                        	at org.testng.TestNG.runSuitesSequentially(TestNG.java:1224)
                        	at org.testng.TestNG.runSuitesLocally(TestNG.java:1149)
                        	at org.testng.TestNG.run(TestNG.java:1057)
                        	at org.testng.remote.RemoteTestNG.run(RemoteTestNG.java:111)
                        	at org.testng.remote.RemoteTestNG.initAndRun(RemoteTestNG.java:204)
                        	at org.testng.remote.RemoteTestNG.main(RemoteTestNG.java:175)
                     </pre>
                  </div>
               </td>
            </tr>
            <tr id="TestCases.LoginTests_verifyErrMsgWhenAllFieldsAreEmpty_byStatus_passed_PASS1_row"
                class="testMethodStatusPASS">
               <td width="100%" class="firstMethodCell">
                  <a onclick="toggleDetailsVisibility('TestCases.LoginTests_verifyErrMsgWhenAllFieldsAreEmpty_byStatus_passed_PASS1_details')">verifyErrMsgWhenAllFieldsAreEmpty({CompanyId Error Message=XrequiredX, UserName Error Message=XrequiredX, Password Error Message=XrequiredX})</a>
               </td>
               <td nowrap="true">18:12:25</td>
               <td nowrap="true" align="right">41s
                  
               </td>
               <td nowrap="true">
                   
                  
               </td>
            </tr>
            <tr>
               <td colspan="4" class="detailsBox">
                  <div id="TestCases.LoginTests_verifyErrMsgWhenAllFieldsAreEmpty_byStatus_passed_PASS1_details"
                       class="testMethodDetails">
                     <div>
                        <b>Name: </b>verifyErrMsgWhenAllFieldsAreEmpty
                     </div>
                     <div>
                        <b>Signature: </b>verifyErrMsgWhenAllFieldsAreEmpty(java.util.Hashtable)[pri:0, instance:TestCases.LoginTests@f1257f]
                     </div>
                     <div>
                        <b>Parameters: </b>
                        
                        {CompanyId Error Message=XrequiredX, UserName Error Message=XrequiredX, Password Error Message=XrequiredX}
                        
                        
                     </div>
                     <div>
                        <b>Start time: </b>18:12:25
                     </div>
                     <div>
                        <b>End time: </b>18:13:07
                     </div>
                     <div>
                        <b>Duration: </b>41s
                        
                     </div>
                  </div>
               </td>
            </tr>
            <tr></tr>
            <tr id="TestCases.LoginTests_verifyErrMsgWhenPasswordFieldIsEmptyOnLoginPage_byStatus_passed_PASS2_row"
                class="testMethodStatusPASS">
               <td width="100%" class="firstMethodCell">
                  <a onclick="toggleDetailsVisibility('TestCases.LoginTests_verifyErrMsgWhenPasswordFieldIsEmptyOnLoginPage_byStatus_passed_PASS2_details')">verifyErrMsgWhenPasswordFieldIsEmptyOnLoginPage({Password Error Message=XrequiredX})</a>
               </td>
               <td nowrap="true">18:13:34</td>
               <td nowrap="true" align="right">16s
                  
               </td>
               <td nowrap="true">
                   
                  
               </td>
            </tr>
            <tr>
               <td colspan="4" class="detailsBox">
                  <div id="TestCases.LoginTests_verifyErrMsgWhenPasswordFieldIsEmptyOnLoginPage_byStatus_passed_PASS2_details"
                       class="testMethodDetails">
                     <div>
                        <b>Name: </b>verifyErrMsgWhenPasswordFieldIsEmptyOnLoginPage
                     </div>
                     <div>
                        <b>Signature: </b>verifyErrMsgWhenPasswordFieldIsEmptyOnLoginPage(java.util.Hashtable)[pri:0, instance:TestCases.LoginTests@f1257f]
                     </div>
                     <div>
                        <b>Parameters: </b>
                        
                        {Password Error Message=XrequiredX}
                        
                        
                     </div>
                     <div>
                        <b>Start time: </b>18:13:34
                     </div>
                     <div>
                        <b>End time: </b>18:13:50
                     </div>
                     <div>
                        <b>Duration: </b>16s
                        
                     </div>
                  </div>
               </td>
            </tr>
            <tr></tr>
            <tr id="TestCases.LoginTests_verifyErrMsgWhenUserNameFieldIsEmptyOnLoginPage_byStatus_passed_PASS3_row"
                class="testMethodStatusPASS">
               <td width="100%" class="firstMethodCell">
                  <a onclick="toggleDetailsVisibility('TestCases.LoginTests_verifyErrMsgWhenUserNameFieldIsEmptyOnLoginPage_byStatus_passed_PASS3_details')">verifyErrMsgWhenUserNameFieldIsEmptyOnLoginPage({UserName Error Message=XrequiredX})</a>
               </td>
               <td nowrap="true">18:13:50</td>
               <td nowrap="true" align="right">16s
                  
               </td>
               <td nowrap="true">
                   
                  
               </td>
            </tr>
            <tr>
               <td colspan="4" class="detailsBox">
                  <div id="TestCases.LoginTests_verifyErrMsgWhenUserNameFieldIsEmptyOnLoginPage_byStatus_passed_PASS3_details"
                       class="testMethodDetails">
                     <div>
                        <b>Name: </b>verifyErrMsgWhenUserNameFieldIsEmptyOnLoginPage
                     </div>
                     <div>
                        <b>Signature: </b>verifyErrMsgWhenUserNameFieldIsEmptyOnLoginPage(java.util.Hashtable)[pri:0, instance:TestCases.LoginTests@f1257f]
                     </div>
                     <div>
                        <b>Parameters: </b>
                        
                        {UserName Error Message=XrequiredX}
                        
                        
                     </div>
                     <div>
                        <b>Start time: </b>18:13:50
                     </div>
                     <div>
                        <b>End time: </b>18:14:07
                     </div>
                     <div>
                        <b>Duration: </b>16s
                        
                     </div>
                  </div>
               </td>
            </tr>
            <tr></tr>
         </table>
      </div>
      <div id="testMethodsByClass" style="display: none;">
         <table class="testMethodsTable" cellpadding="0" cellspacing="0">
            <tr>
               <td colspan="4">
                  <h3 style="display: inline;">TestCases.LoginTests</h3>
               </td>
            </tr>
            <tr class="methodsTableHeader">
               <td width="100%">Name</td>
               <td nowrap="true">Started</td>
               <td nowrap="true">Duration</td>
               <td>Exception</td>
            </tr>
            <tr id="TestCases.LoginTests_verifyErrMsgWhenAllFieldsAreEmpty_byClass_PASS1_row"
                class="testMethodStatusPASS">
               <td width="100%" class="firstMethodCell">
                  <a onclick="toggleDetailsVisibility('TestCases.LoginTests_verifyErrMsgWhenAllFieldsAreEmpty_byClass_PASS1_details')">verifyErrMsgWhenAllFieldsAreEmpty({CompanyId Error Message=XrequiredX, UserName Error Message=XrequiredX, Password Error Message=XrequiredX})</a>
               </td>
               <td nowrap="true">18:12:25</td>
               <td nowrap="true" align="right">41s
                  
               </td>
               <td nowrap="true">
                   
                  
               </td>
            </tr>
            <tr>
               <td colspan="4" class="detailsBox">
                  <div id="TestCases.LoginTests_verifyErrMsgWhenAllFieldsAreEmpty_byClass_PASS1_details"
                       class="testMethodDetails">
                     <div>
                        <b>Name: </b>verifyErrMsgWhenAllFieldsAreEmpty
                     </div>
                     <div>
                        <b>Signature: </b>verifyErrMsgWhenAllFieldsAreEmpty(java.util.Hashtable)[pri:0, instance:TestCases.LoginTests@f1257f]
                     </div>
                     <div>
                        <b>Parameters: </b>
                        
                        {CompanyId Error Message=XrequiredX, UserName Error Message=XrequiredX, Password Error Message=XrequiredX}
                        
                        
                     </div>
                     <div>
                        <b>Start time: </b>18:12:25
                     </div>
                     <div>
                        <b>End time: </b>18:13:07
                     </div>
                     <div>
                        <b>Duration: </b>41s
                        
                     </div>
                  </div>
               </td>
            </tr>
            <tr></tr>
            <tr id="TestCases.LoginTests_verifyErrMsgWhenCompanyIdFieldIsEmpty_byClass_FAIL2_row"
                class="testMethodStatusFAIL">
               <td width="100%" class="firstMethodCell">
                  <a onclick="toggleDetailsVisibility('TestCases.LoginTests_verifyErrMsgWhenCompanyIdFieldIsEmpty_byClass_FAIL2_details')">verifyErrMsgWhenCompanyIdFieldIsEmpty({CompanyId Error Message=XrequiredX})</a>
               </td>
               <td nowrap="true">18:13:07</td>
               <td nowrap="true" align="right">27s
                  
               </td>
               <td nowrap="true">
                  <a onclick="toggleDetailsVisibility('TestCases.LoginTests_verifyErrMsgWhenCompanyIdFieldIsEmpty_byClass_FAIL2_exception')">java.lang.AssertionError: 
                     expected [CompanyId Error Message - XrequiredX] but found [Wrong CompanyId Error Message - XrequiredX]
                     
                  </a>
                   
                  
               </td>
            </tr>
            <tr>
               <td colspan="4" class="detailsBox">
                  <div id="TestCases.LoginTests_verifyErrMsgWhenCompanyIdFieldIsEmpty_byClass_FAIL2_details"
                       class="testMethodDetails">
                     <div>
                        <b>Name: </b>verifyErrMsgWhenCompanyIdFieldIsEmpty
                     </div>
                     <div>
                        <b>Signature: </b>verifyErrMsgWhenCompanyIdFieldIsEmpty(java.util.Hashtable)[pri:0, instance:TestCases.LoginTests@f1257f]
                     </div>
                     <div>
                        <b>Parameters: </b>
                        
                        {CompanyId Error Message=XrequiredX}
                        
                        
                     </div>
                     <div>
                        <b>Start time: </b>18:13:07
                     </div>
                     <div>
                        <b>End time: </b>18:13:34
                     </div>
                     <div>
                        <b>Duration: </b>27s
                        
                     </div>
                  </div>
               </td>
            </tr>
            <tr>
               <td colspan="4" class="detailsBox">
                  <div id="TestCases.LoginTests_verifyErrMsgWhenCompanyIdFieldIsEmpty_byClass_FAIL2_exception"
                       class="testMethodDetails">
                     <pre style="padding: 5px; margin: 0;">java.lang.AssertionError: expected [CompanyId Error Message - XrequiredX] but found [Wrong CompanyId Error Message - XrequiredX]
                        	at org.testng.Assert.fail(Assert.java:94)
                        	at org.testng.Assert.failNotEquals(Assert.java:494)
                        	at org.testng.Assert.assertEquals(Assert.java:123)
                        	at org.testng.Assert.assertEquals(Assert.java:176)
                        	at org.testng.Assert.assertEquals(Assert.java:186)
                        	at TestCases.LoginTests.verifyErrMsgWhenCompanyIdFieldIsEmpty(LoginTests.java:327)
                        	at sun.reflect.NativeMethodAccessorImpl.invoke0(Native Method)
                        	at sun.reflect.NativeMethodAccessorImpl.invoke(Unknown Source)
                        	at sun.reflect.DelegatingMethodAccessorImpl.invoke(Unknown Source)
                        	at java.lang.reflect.Method.invoke(Unknown Source)
                        	at org.testng.internal.MethodInvocationHelper.invokeMethod(MethodInvocationHelper.java:84)
                        	at org.testng.internal.Invoker.invokeMethod(Invoker.java:714)
                        	at org.testng.internal.Invoker.invokeTestMethod(Invoker.java:901)
                        	at org.testng.internal.Invoker.invokeTestMethods(Invoker.java:1231)
                        	at org.testng.internal.TestMethodWorker.invokeTestMethods(TestMethodWorker.java:127)
                        	at org.testng.internal.TestMethodWorker.run(TestMethodWorker.java:111)
                        	at org.testng.TestRunner.privateRun(TestRunner.java:767)
                        	at org.testng.TestRunner.run(TestRunner.java:617)
                        	at org.testng.SuiteRunner.runTest(SuiteRunner.java:334)
                        	at org.testng.SuiteRunner.runSequentially(SuiteRunner.java:329)
                        	at org.testng.SuiteRunner.privateRun(SuiteRunner.java:291)
                        	at org.testng.SuiteRunner.run(SuiteRunner.java:240)
                        	at org.testng.SuiteRunnerWorker.runSuite(SuiteRunnerWorker.java:52)
                        	at org.testng.SuiteRunnerWorker.run(SuiteRunnerWorker.java:86)
                        	at org.testng.TestNG.runSuitesSequentially(TestNG.java:1224)
                        	at org.testng.TestNG.runSuitesLocally(TestNG.java:1149)
                        	at org.testng.TestNG.run(TestNG.java:1057)
                        	at org.testng.remote.RemoteTestNG.run(RemoteTestNG.java:111)
                        	at org.testng.remote.RemoteTestNG.initAndRun(RemoteTestNG.java:204)
                        	at org.testng.remote.RemoteTestNG.main(RemoteTestNG.java:175)
                     </pre>
                  </div>
               </td>
            </tr>
            <tr id="TestCases.LoginTests_verifyErrMsgWhenPasswordFieldIsEmptyOnLoginPage_byClass_PASS3_row"
                class="testMethodStatusPASS">
               <td width="100%" class="firstMethodCell">
                  <a onclick="toggleDetailsVisibility('TestCases.LoginTests_verifyErrMsgWhenPasswordFieldIsEmptyOnLoginPage_byClass_PASS3_details')">verifyErrMsgWhenPasswordFieldIsEmptyOnLoginPage({Password Error Message=XrequiredX})</a>
               </td>
               <td nowrap="true">18:13:34</td>
               <td nowrap="true" align="right">16s
                  
               </td>
               <td nowrap="true">
                   
                  
               </td>
            </tr>
            <tr>
               <td colspan="4" class="detailsBox">
                  <div id="TestCases.LoginTests_verifyErrMsgWhenPasswordFieldIsEmptyOnLoginPage_byClass_PASS3_details"
                       class="testMethodDetails">
                     <div>
                        <b>Name: </b>verifyErrMsgWhenPasswordFieldIsEmptyOnLoginPage
                     </div>
                     <div>
                        <b>Signature: </b>verifyErrMsgWhenPasswordFieldIsEmptyOnLoginPage(java.util.Hashtable)[pri:0, instance:TestCases.LoginTests@f1257f]
                     </div>
                     <div>
                        <b>Parameters: </b>
                        
                        {Password Error Message=XrequiredX}
                        
                        
                     </div>
                     <div>
                        <b>Start time: </b>18:13:34
                     </div>
                     <div>
                        <b>End time: </b>18:13:50
                     </div>
                     <div>
                        <b>Duration: </b>16s
                        
                     </div>
                  </div>
               </td>
            </tr>
            <tr></tr>
            <tr id="TestCases.LoginTests_verifyErrMsgWhenUserNameFieldIsEmptyOnLoginPage_byClass_PASS4_row"
                class="testMethodStatusPASS">
               <td width="100%" class="firstMethodCell">
                  <a onclick="toggleDetailsVisibility('TestCases.LoginTests_verifyErrMsgWhenUserNameFieldIsEmptyOnLoginPage_byClass_PASS4_details')">verifyErrMsgWhenUserNameFieldIsEmptyOnLoginPage({UserName Error Message=XrequiredX})</a>
               </td>
               <td nowrap="true">18:13:50</td>
               <td nowrap="true" align="right">16s
                  
               </td>
               <td nowrap="true">
                   
                  
               </td>
            </tr>
            <tr>
               <td colspan="4" class="detailsBox">
                  <div id="TestCases.LoginTests_verifyErrMsgWhenUserNameFieldIsEmptyOnLoginPage_byClass_PASS4_details"
                       class="testMethodDetails">
                     <div>
                        <b>Name: </b>verifyErrMsgWhenUserNameFieldIsEmptyOnLoginPage
                     </div>
                     <div>
                        <b>Signature: </b>verifyErrMsgWhenUserNameFieldIsEmptyOnLoginPage(java.util.Hashtable)[pri:0, instance:TestCases.LoginTests@f1257f]
                     </div>
                     <div>
                        <b>Parameters: </b>
                        
                        {UserName Error Message=XrequiredX}
                        
                        
                     </div>
                     <div>
                        <b>Start time: </b>18:13:50
                     </div>
                     <div>
                        <b>End time: </b>18:14:07
                     </div>
                     <div>
                        <b>Duration: </b>16s
                        
                     </div>
                  </div>
               </td>
            </tr>
            <tr></tr>
            <tr id="TestCases.LoginTests_verifyLoginWithValidCredentials_byClass_FAIL5_row"
                class="testMethodStatusFAIL">
               <td width="100%" class="firstMethodCell">
                  <a onclick="toggleDetailsVisibility('TestCases.LoginTests_verifyLoginWithValidCredentials_byClass_FAIL5_details')">verifyLoginWithValidCredentials({Password=ValidPassword, UserName=ValidName, Company Id=ValidCompanyId})</a>
               </td>
               <td nowrap="true">18:14:07</td>
               <td nowrap="true" align="right">13s
                  
               </td>
               <td nowrap="true">
                  <a onclick="toggleDetailsVisibility('TestCases.LoginTests_verifyLoginWithValidCredentials_byClass_FAIL5_exception')">java.lang.Error: 
                     Unresolved compilation problems: 
                     	The import Util.TestUtil cannot be resolved
                     	TestUtil cannot be resolved
                     	TestUtil cannot be resolved
                     	TestUtil cannot be resolved
                     	TestUtil cannot be resolved
                     	TestUtil cannot be resolved
                     	TestUtil cannot be resolved
                     	TestUtil cannot be resolved
                     	TestUtil cannot be resolved
                     	TestUtil cannot be resolved
                     	TestUtil cannot be resolved
                     	TestUtil cannot be resolved
                     	TestUtil cannot be resolved
                     	TestUtil cannot be resolved
                     	TestUtil cannot be resolved
                     	TestUtil cannot be resolved
                     	TestUtil cannot be resolved
                     	TestUtil cannot be resolved
                     	TestUtil cannot be resolved
                     	TestUtil cannot be resolved
                     	TestUtil cannot be resolved
                     	TestUtil cannot be resolved
                     	TestUtil cannot be resolved
                     	TestUtil cannot be resolved
                     	TestUtil cannot be resolved
                     	TestUtil cannot be resolved
                     	The method navigateToODLandingPage() is undefined for the type PageHeader
                     	The method navigateToPartLandingPage() is undefined for the type PageHeader
                     	FeatureLandingPage cannot be resolved to a type
                     	The method navigateToFeatureLandingPage() is undefined for the type PageHeader
                     
                     
                  </a>
                   
                  
               </td>
            </tr>
            <tr>
               <td colspan="4" class="detailsBox">
                  <div id="TestCases.LoginTests_verifyLoginWithValidCredentials_byClass_FAIL5_details"
                       class="testMethodDetails">
                     <div>
                        <b>Name: </b>verifyLoginWithValidCredentials
                     </div>
                     <div>
                        <b>Signature: </b>verifyLoginWithValidCredentials(java.util.Hashtable)[pri:0, instance:TestCases.LoginTests@f1257f]
                     </div>
                     <div>
                        <b>Parameters: </b>
                        
                        {Password=ValidPassword, UserName=ValidName, Company Id=ValidCompanyId}
                        
                        
                     </div>
                     <div>
                        <b>Start time: </b>18:14:07
                     </div>
                     <div>
                        <b>End time: </b>18:14:20
                     </div>
                     <div>
                        <b>Duration: </b>13s
                        
                     </div>
                  </div>
               </td>
            </tr>
            <tr>
               <td colspan="4" class="detailsBox">
                  <div id="TestCases.LoginTests_verifyLoginWithValidCredentials_byClass_FAIL5_exception"
                       class="testMethodDetails">
                     <pre style="padding: 5px; margin: 0;">java.lang.Error: Unresolved compilation problems: 
                        	The import Util.TestUtil cannot be resolved
                        	TestUtil cannot be resolved
                        	TestUtil cannot be resolved
                        	TestUtil cannot be resolved
                        	TestUtil cannot be resolved
                        	TestUtil cannot be resolved
                        	TestUtil cannot be resolved
                        	TestUtil cannot be resolved
                        	TestUtil cannot be resolved
                        	TestUtil cannot be resolved
                        	TestUtil cannot be resolved
                        	TestUtil cannot be resolved
                        	TestUtil cannot be resolved
                        	TestUtil cannot be resolved
                        	TestUtil cannot be resolved
                        	TestUtil cannot be resolved
                        	TestUtil cannot be resolved
                        	TestUtil cannot be resolved
                        	TestUtil cannot be resolved
                        	TestUtil cannot be resolved
                        	TestUtil cannot be resolved
                        	TestUtil cannot be resolved
                        	TestUtil cannot be resolved
                        	TestUtil cannot be resolved
                        	TestUtil cannot be resolved
                        	TestUtil cannot be resolved
                        	The method navigateToODLandingPage() is undefined for the type PageHeader
                        	The method navigateToPartLandingPage() is undefined for the type PageHeader
                        	FeatureLandingPage cannot be resolved to a type
                        	The method navigateToFeatureLandingPage() is undefined for the type PageHeader
                        
                        	at Pages.DashboardPage.&lt;init&gt;(DashboardPage.java:13)
                        	at Pages.LoginPage.doLogin(LoginPage.java:74)
                        	at TestCases.LoginTests.verifyLoginWithValidCredentials(LoginTests.java:57)
                        	at sun.reflect.NativeMethodAccessorImpl.invoke0(Native Method)
                        	at sun.reflect.NativeMethodAccessorImpl.invoke(Unknown Source)
                        	at sun.reflect.DelegatingMethodAccessorImpl.invoke(Unknown Source)
                        	at java.lang.reflect.Method.invoke(Unknown Source)
                        	at org.testng.internal.MethodInvocationHelper.invokeMethod(MethodInvocationHelper.java:84)
                        	at org.testng.internal.Invoker.invokeMethod(Invoker.java:714)
                        	at org.testng.internal.Invoker.invokeTestMethod(Invoker.java:901)
                        	at org.testng.internal.Invoker.invokeTestMethods(Invoker.java:1231)
                        	at org.testng.internal.TestMethodWorker.invokeTestMethods(TestMethodWorker.java:127)
                        	at org.testng.internal.TestMethodWorker.run(TestMethodWorker.java:111)
                        	at org.testng.TestRunner.privateRun(TestRunner.java:767)
                        	at org.testng.TestRunner.run(TestRunner.java:617)
                        	at org.testng.SuiteRunner.runTest(SuiteRunner.java:334)
                        	at org.testng.SuiteRunner.runSequentially(SuiteRunner.java:329)
                        	at org.testng.SuiteRunner.privateRun(SuiteRunner.java:291)
                        	at org.testng.SuiteRunner.run(SuiteRunner.java:240)
                        	at org.testng.SuiteRunnerWorker.runSuite(SuiteRunnerWorker.java:52)
                        	at org.testng.SuiteRunnerWorker.run(SuiteRunnerWorker.java:86)
                        	at org.testng.TestNG.runSuitesSequentially(TestNG.java:1224)
                        	at org.testng.TestNG.runSuitesLocally(TestNG.java:1149)
                        	at org.testng.TestNG.run(TestNG.java:1057)
                        	at org.testng.remote.RemoteTestNG.run(RemoteTestNG.java:111)
                        	at org.testng.remote.RemoteTestNG.initAndRun(RemoteTestNG.java:204)
                        	at org.testng.remote.RemoteTestNG.main(RemoteTestNG.java:175)
                     </pre>
                  </div>
               </td>
            </tr>
            <tr id="TestCases.LoginTests_verifyScreenComponentsOnLoginPage_byClass_FAIL6_row"
                class="testMethodStatusFAIL">
               <td width="100%" class="firstMethodCell">
                  <a onclick="toggleDetailsVisibility('TestCases.LoginTests_verifyScreenComponentsOnLoginPage_byClass_FAIL6_details')">verifyScreenComponentsOnLoginPage()</a>
               </td>
               <td nowrap="true">18:14:20</td>
               <td nowrap="true" align="right">14s
                  
               </td>
               <td nowrap="true">
                  <a onclick="toggleDetailsVisibility('TestCases.LoginTests_verifyScreenComponentsOnLoginPage_byClass_FAIL6_exception')">java.lang.AssertionError: 
                     expected [Appliction url should open and Login Page should displayed] but found [Some error occured - Not able to login to
                     the application]
                     
                  </a>
                   
                  
               </td>
            </tr>
            <tr>
               <td colspan="4" class="detailsBox">
                  <div id="TestCases.LoginTests_verifyScreenComponentsOnLoginPage_byClass_FAIL6_details"
                       class="testMethodDetails">
                     <div>
                        <b>Name: </b>verifyScreenComponentsOnLoginPage
                     </div>
                     <div>
                        <b>Signature: </b>verifyScreenComponentsOnLoginPage()[pri:0, instance:TestCases.LoginTests@f1257f]
                     </div>
                     <div>
                        <b>Start time: </b>18:14:20
                     </div>
                     <div>
                        <b>End time: </b>18:14:34
                     </div>
                     <div>
                        <b>Duration: </b>14s
                        
                     </div>
                  </div>
               </td>
            </tr>
            <tr>
               <td colspan="4" class="detailsBox">
                  <div id="TestCases.LoginTests_verifyScreenComponentsOnLoginPage_byClass_FAIL6_exception"
                       class="testMethodDetails">
                     <pre style="padding: 5px; margin: 0;">java.lang.AssertionError: expected [Appliction url should open and Login Page should displayed] but found [Some error occured
                        - Not able to login to the application]
                        	at org.testng.Assert.fail(Assert.java:94)
                        	at org.testng.Assert.failNotEquals(Assert.java:494)
                        	at org.testng.Assert.assertEquals(Assert.java:123)
                        	at org.testng.Assert.assertEquals(Assert.java:176)
                        	at org.testng.Assert.assertEquals(Assert.java:186)
                        	at TestCases.LoginTests.verifyScreenComponentsOnLoginPage(LoginTests.java:146)
                        	at sun.reflect.NativeMethodAccessorImpl.invoke0(Native Method)
                        	at sun.reflect.NativeMethodAccessorImpl.invoke(Unknown Source)
                        	at sun.reflect.DelegatingMethodAccessorImpl.invoke(Unknown Source)
                        	at java.lang.reflect.Method.invoke(Unknown Source)
                        	at org.testng.internal.MethodInvocationHelper.invokeMethod(MethodInvocationHelper.java:84)
                        	at org.testng.internal.Invoker.invokeMethod(Invoker.java:714)
                        	at org.testng.internal.Invoker.invokeTestMethod(Invoker.java:901)
                        	at org.testng.internal.Invoker.invokeTestMethods(Invoker.java:1231)
                        	at org.testng.internal.TestMethodWorker.invokeTestMethods(TestMethodWorker.java:127)
                        	at org.testng.internal.TestMethodWorker.run(TestMethodWorker.java:111)
                        	at org.testng.TestRunner.privateRun(TestRunner.java:767)
                        	at org.testng.TestRunner.run(TestRunner.java:617)
                        	at org.testng.SuiteRunner.runTest(SuiteRunner.java:334)
                        	at org.testng.SuiteRunner.runSequentially(SuiteRunner.java:329)
                        	at org.testng.SuiteRunner.privateRun(SuiteRunner.java:291)
                        	at org.testng.SuiteRunner.run(SuiteRunner.java:240)
                        	at org.testng.SuiteRunnerWorker.runSuite(SuiteRunnerWorker.java:52)
                        	at org.testng.SuiteRunnerWorker.run(SuiteRunnerWorker.java:86)
                        	at org.testng.TestNG.runSuitesSequentially(TestNG.java:1224)
                        	at org.testng.TestNG.runSuitesLocally(TestNG.java:1149)
                        	at org.testng.TestNG.run(TestNG.java:1057)
                        	at org.testng.remote.RemoteTestNG.run(RemoteTestNG.java:111)
                        	at org.testng.remote.RemoteTestNG.initAndRun(RemoteTestNG.java:204)
                        	at org.testng.remote.RemoteTestNG.main(RemoteTestNG.java:175)
                     </pre>
                  </div>
               </td>
            </tr>
         </table>
         <br></br>
      </div>
      <div style="margin-top: 15px; color: gray; text-align: center; font-size: 9px;">
         Generated with
         
         <a href="http://code.google.com/p/testng-xslt/" style="color: #8888aa;"
            target="_blank">
            TestNG XSLT
            
         </a>
      </div>
   </body>
</html>