<?xml version="1.0" encoding="UTF-8"?>
<!-- Generated by org.testng.reporters.JUnitXMLReporter -->
<testsuite hostname="Mohd3688" name="LoginTests" tests="164" failures="0" timestamp="9 May 2016 09:55:36 GMT" time="53.923" errors="0">
  <testcase name="successfulloginTest" time="19.271" classname="TestCases.LoginTests"/>
  <testcase name="micrositeSelection" time="12.784" classname="TestCases.LoginTests"/>
  <testcase name="switchWebsite" time="0.0" classname="TestCases.switchWebsiteTest">
    <skipped/>
  </testcase> <!-- switchWebsite -->
  <testcase name="NavigateToDirectoryListPage" time="0.0" classname="TestCases.NecessaryTests">
    <skipped/>
  </testcase> <!-- NavigateToDirectoryListPage -->
  <testcase name="CreateDirectory" time="0.0" classname="TestCases.NecessaryTests">
    <skipped/>
  </testcase> <!-- CreateDirectory -->
  <testcase name="NavigateToAddContact" time="0.0" classname="TestCases.ContactTests.AddContactTests">
    <skipped/>
  </testcase> <!-- NavigateToAddContact -->
  <testcase name="CreateNewContact" time="0.0" classname="TestCases.ContactTests.AddContactTests">
    <skipped/>
  </testcase> <!-- CreateNewContact -->
  <testcase name="VerifyDuplicateContactCheck" time="0.015" classname="TestCases.ContactTests.AddContactTests">
    <skipped/>
  </testcase> <!-- VerifyDuplicateContactCheck -->
  <testcase name="NavigateToUserLists" time="0.0" classname="TestCases.UserTests">
    <skipped/>
  </testcase> <!-- NavigateToUserLists -->
  <testcase name="CreateNewUser" time="0.0" classname="TestCases.UserTests">
    <skipped/>
  </testcase> <!-- CreateNewUser -->
  <testcase name="NavigateToAddInquiryForNewContact" time="0.0" classname="TestCases.InquiryTests.AddInquiryTests">
    <skipped/>
  </testcase> <!-- NavigateToAddInquiryForNewContact -->
  <testcase name="CreateNewInquiry" time="0.0" classname="TestCases.InquiryTests.AddInquiryTests">
    <skipped/>
  </testcase> <!-- CreateNewInquiry -->
  <testcase name="NavigateToAddInquiryForExistingContact" time="0.0" classname="TestCases.InquiryTests.AddInquiryTests">
    <skipped/>
  </testcase> <!-- NavigateToAddInquiryForExistingContact -->
  <testcase name="CreateNewInquiryForExistingContact" time="0.0" classname="TestCases.InquiryTests.AddInquiryTests">
    <skipped/>
  </testcase> <!-- CreateNewInquiryForExistingContact -->
  <testcase name="CreateNewInquiryForNewContact_LogReponse" time="0.0" classname="TestCases.InquiryTests.AddInquiryTests">
    <skipped/>
  </testcase> <!-- CreateNewInquiryForNewContact_LogReponse -->
  <testcase name="VerifyInquiryEventActions" time="0.0" classname="TestCases.InquiryTests.AddInquiryTests">
    <skipped/>
  </testcase> <!-- VerifyInquiryEventActions -->
  <testcase name="VerifyContactsCreatedFromInquiry" time="0.0" classname="TestCases.InquiryTests.AddInquiryTests">
    <skipped/>
  </testcase> <!-- VerifyContactsCreatedFromInquiry -->
  <testcase name="NavigateInquiryCategory" time="0.001" classname="TestCases.InquiryTests.InquiryCategoryTests">
    <skipped/>
  </testcase> <!-- NavigateInquiryCategory -->
  <testcase name="CreateInquiryCategory" time="0.003" classname="TestCases.InquiryTests.InquiryCategoryTests">
    <skipped/>
  </testcase> <!-- CreateInquiryCategory -->
  <testcase name="EditInquiryCategory" time="0.003" classname="TestCases.InquiryTests.InquiryCategoryTests">
    <skipped/>
  </testcase> <!-- EditInquiryCategory -->
  <testcase name="SetCategoryPublic" time="0.003" classname="TestCases.InquiryTests.InquiryCategoryTests">
    <skipped/>
  </testcase> <!-- SetCategoryPublic -->
  <testcase name="NavigateToSearchInquiry" time="0.003" classname="TestCases.InquiryTests.SearchInquiryTests">
    <skipped/>
  </testcase> <!-- NavigateToSearchInquiry -->
  <testcase name="ApplyActionCategory" time="0.003" classname="TestCases.InquiryTests.SearchInquiryTests">
    <skipped/>
  </testcase> <!-- ApplyActionCategory -->
  <testcase name="ApplyActionCategoryRemove" time="0.003" classname="TestCases.InquiryTests.SearchInquiryTests">
    <skipped/>
  </testcase> <!-- ApplyActionCategoryRemove -->
  <testcase name="SubmitResponseMultipleInquiries" time="0.003" classname="TestCases.InquiryTests.SearchInquiryTests">
    <skipped/>
  </testcase> <!-- SubmitResponseMultipleInquiries -->
  <testcase name="SearchWithInquiryId" time="0.003" classname="TestCases.InquiryTests.SearchInquiryTests">
    <skipped/>
  </testcase> <!-- SearchWithInquiryId -->
  <testcase name="NavigateToAdvanceSearchBox" time="0.034" classname="TestCases.InquiryTests.SearchInquiryTests">
    <skipped/>
  </testcase> <!-- NavigateToAdvanceSearchBox -->
  <testcase name="VerifyAdvanceSearchUsingkeyword" time="0.0" classname="TestCases.InquiryTests.SearchInquiryTests">
    <skipped/>
  </testcase> <!-- VerifyAdvanceSearchUsingkeyword -->
  <testcase name="VerifyAdvanceSearchUsingDirectory" time="0.0" classname="TestCases.InquiryTests.SearchInquiryTests">
    <skipped/>
  </testcase> <!-- VerifyAdvanceSearchUsingDirectory -->
  <testcase name="VerifyAdvanceSearchUsingReceivedVia" time="0.015" classname="TestCases.InquiryTests.SearchInquiryTests">
    <skipped/>
  </testcase> <!-- VerifyAdvanceSearchUsingReceivedVia -->
  <testcase name="VerifyAdvanceSearchUsingStatus" time="0.0" classname="TestCases.InquiryTests.SearchInquiryTests">
    <skipped/>
  </testcase> <!-- VerifyAdvanceSearchUsingStatus -->
  <testcase name="VerifyInquiryAssignedToMine" time="0.0" classname="TestCases.InquiryTests.SearchInquiryTests">
    <skipped/>
  </testcase> <!-- VerifyInquiryAssignedToMine -->
  <testcase name="VerifyViewAsReportButton" time="0.0" classname="TestCases.InquiryTests.SearchInquiryTests">
    <skipped/>
  </testcase> <!-- VerifyViewAsReportButton -->
  <testcase name="NavigateToInquiryCategoryReportPage" time="0.0" classname="TestCases.InquiryTests.InquiryCategoryReportTests">
    <skipped/>
  </testcase> <!-- NavigateToInquiryCategoryReportPage -->
  <testcase name="SearchOnCategoryReport" time="0.003" classname="TestCases.InquiryTests.InquiryCategoryReportTests">
    <skipped/>
  </testcase> <!-- SearchOnCategoryReport -->
  <testcase name="ClickOnCategoryCount" time="0.003" classname="TestCases.InquiryTests.InquiryCategoryReportTests">
    <skipped/>
  </testcase> <!-- ClickOnCategoryCount -->
  <testcase name="NavigateToInquiryDashboard" time="0.003" classname="TestCases.InquiryTests.InquiryDashboardTests">
    <skipped/>
  </testcase> <!-- NavigateToInquiryDashboard -->
  <testcase name="VerifyDirectoryClickableAndCount" time="0.003" classname="TestCases.InquiryTests.InquiryDashboardTests">
    <skipped/>
  </testcase> <!-- VerifyDirectoryClickableAndCount -->
  <testcase name="VerifyCategoryClickableAndCount" time="0.003" classname="TestCases.InquiryTests.InquiryDashboardTests">
    <skipped/>
  </testcase> <!-- VerifyCategoryClickableAndCount -->
  <testcase name="VerifyExcerptIsClickable" time="0.004" classname="TestCases.InquiryTests.InquiryDashboardTests">
    <skipped/>
  </testcase> <!-- VerifyExcerptIsClickable -->
  <testcase name="VerifyThatSeeAllRecordsIsClickable" time="0.003" classname="TestCases.InquiryTests.InquiryDashboardTests">
    <skipped/>
  </testcase> <!-- VerifyThatSeeAllRecordsIsClickable -->
  <testcase name="VerifyAddInquiryForNewContactNavigationFromInquiryListOptions" time="0.017" classname="TestCases.InquiryTests.InquiryDashboardTests">
    <skipped/>
  </testcase> <!-- VerifyAddInquiryForNewContactNavigationFromInquiryListOptions -->
  <testcase name="VerifyAddInquiryForExistingContactNavigationFromInquiryListOptions" time="0.0" classname="TestCases.InquiryTests.InquiryDashboardTests">
    <skipped/>
  </testcase> <!-- VerifyAddInquiryForExistingContactNavigationFromInquiryListOptions -->
  <testcase name="VerifyNavigateToNotificationSetting" time="0.0" classname="TestCases.InquiryTests.NotificationSettingTests">
    <skipped/>
  </testcase> <!-- VerifyNavigateToNotificationSetting -->
  <testcase name="VerifyAbleToSelectUserandUpdateOptionForInternallyCreatedInquiries" time="0.001" classname="TestCases.InquiryTests.NotificationSettingTests">
    <skipped/>
  </testcase> <!-- VerifyAbleToSelectUserandUpdateOptionForInternallyCreatedInquiries -->
  <testcase name="VerifyAbleToSelectUserforSurvey" time="0.004" classname="TestCases.InquiryTests.NotificationSettingTests">
    <skipped/>
  </testcase> <!-- VerifyAbleToSelectUserforSurvey -->
  <testcase name="VerifyApplyActionFromInquiryDetails" time="0.011" classname="TestCases.InquiryTests.InquiryDetailsTests">
    <skipped/>
  </testcase> <!-- VerifyApplyActionFromInquiryDetails -->
  <testcase name="VerifyInquiryDeletion" time="0.004" classname="TestCases.InquiryTests.InquiryDetailsTests">
    <skipped/>
  </testcase> <!-- VerifyInquiryDeletion -->
  <testcase name="VerifyMultipleDirectoryAssociation" time="0.005" classname="TestCases.ContactTests.EditContactTests">
    <skipped/>
  </testcase> <!-- VerifyMultipleDirectoryAssociation -->
  <testcase name="VerifyCreateGuestUser" time="0.005" classname="TestCases.ContactTests.EditContactTests">
    <skipped/>
  </testcase> <!-- VerifyCreateGuestUser -->
  <testcase name="VerifyGuestUserMandatoryPasswordMsg" time="0.004" classname="TestCases.ContactTests.EditContactTests">
    <skipped/>
  </testcase> <!-- VerifyGuestUserMandatoryPasswordMsg -->
  <testcase name="VerifyContactGroupAssociationTab" time="0.005" classname="TestCases.ContactTests.EditContactTests">
    <skipped/>
  </testcase> <!-- VerifyContactGroupAssociationTab -->
  <testcase name="VerifyNavigationToCombineContactPage" time="0.003" classname="TestCases.ContactTests.CombineContactsTests">
    <skipped/>
  </testcase> <!-- VerifyNavigationToCombineContactPage -->
  <testcase name="VerifyCombiningContacts" time="0.004" classname="TestCases.ContactTests.CombineContactsTests">
    <skipped/>
  </testcase> <!-- VerifyCombiningContacts -->
  <testcase name="NavigateToContactDashboard" time="0.004" classname="TestCases.ContactTests.ContactDashboardTests">
    <skipped/>
  </testcase> <!-- NavigateToContactDashboard -->
  <testcase name="VerifyDirectoryClickableAndCountOnContactDasboard" time="0.003" classname="TestCases.ContactTests.ContactDashboardTests">
    <skipped/>
  </testcase> <!-- VerifyDirectoryClickableAndCountOnContactDasboard -->
  <testcase name="VerifyGroupClickableAndCountOnContactDasboard" time="0.004" classname="TestCases.ContactTests.ContactDashboardTests">
    <skipped/>
  </testcase> <!-- VerifyGroupClickableAndCountOnContactDasboard -->
  <testcase name="VerifySubscriptionIsClickableAndCountOnContactDasboard" time="0.017" classname="TestCases.ContactTests.ContactDashboardTests">
    <skipped/>
  </testcase> <!-- VerifySubscriptionIsClickableAndCountOnContactDasboard -->
  <testcase name="VerifyAddContactFromContactDashBoard" time="0.0" classname="TestCases.ContactTests.ContactDashboardTests">
    <skipped/>
  </testcase> <!-- VerifyAddContactFromContactDashBoard -->
  <testcase name="VerifySearchContactNavigationFromContactDashboard" time="0.0" classname="TestCases.ContactTests.ContactDashboardTests">
    <skipped/>
  </testcase> <!-- VerifySearchContactNavigationFromContactDashboard -->
  <testcase name="NavigateToImportContactPage" time="0.0" classname="TestCases.ContactTests.ImportContactTests">
    <skipped/>
  </testcase> <!-- NavigateToImportContactPage -->
  <testcase name="VerifyLookupSearch" time="0.001" classname="TestCases.ContactTests.ImportContactTests">
    <skipped/>
  </testcase> <!-- VerifyLookupSearch -->
  <testcase name="CreateDirectoryWithAllWildFields" time="0.0" classname="TestCases.ContactTests.DirectoryTests">
    <skipped/>
  </testcase> <!-- CreateDirectoryWithAllWildFields -->
  <testcase name="EditDirectory" time="0.0" classname="TestCases.ContactTests.DirectoryTests">
    <skipped/>
  </testcase> <!-- EditDirectory -->
  <testcase name="VerifyDirectoryisPublic" time="0.004" classname="TestCases.ContactTests.DirectoryTests">
    <skipped/>
  </testcase> <!-- VerifyDirectoryisPublic -->
  <testcase name="VerifyActionsIconsOnDirectoryPage" time="0.004" classname="TestCases.ContactTests.DirectoryTests">
    <skipped/>
  </testcase> <!-- VerifyActionsIconsOnDirectoryPage -->
  <testcase name="VerifyAddedDirectoryIsDisplayedInContacts" time="0.005" classname="TestCases.ContactTests.DirectoryTests">
    <skipped/>
  </testcase> <!-- VerifyAddedDirectoryIsDisplayedInContacts -->
  <testcase name="VerifyWildFieldsForDifferentDirectoriesOnAddContacPage" time="0.004" classname="TestCases.ContactTests.DirectoryTests">
    <skipped/>
  </testcase> <!-- VerifyWildFieldsForDifferentDirectoriesOnAddContacPage -->
  <testcase name="VerifyLabelsOnEditDirectoryPage" time="0.004" classname="TestCases.ContactTests.DirectoryTests">
    <skipped/>
  </testcase> <!-- VerifyLabelsOnEditDirectoryPage -->
  <testcase name="VerifyDeleteDirectory" time="0.003" classname="TestCases.ContactTests.DirectoryTests">
    <skipped/>
  </testcase> <!-- VerifyDeleteDirectory -->
  <testcase name="VerifyDeletedDirectoryNotDisplayedInSearchContact" time="0.003" classname="TestCases.ContactTests.DirectoryTests">
    <skipped/>
  </testcase> <!-- VerifyDeletedDirectoryNotDisplayedInSearchContact -->
  <testcase name="VerifyNavigationToGroupListPage" time="0.003" classname="TestCases.ContactTests.GroupTests">
    <skipped/>
  </testcase> <!-- VerifyNavigationToGroupListPage -->
  <testcase name="AddBasicGroupAndAssociateContact" time="0.003" classname="TestCases.ContactTests.GroupTests">
    <skipped/>
  </testcase> <!-- AddBasicGroupAndAssociateContact -->
  <testcase name="ViewDetailsOfBasicGroup" time="0.004" classname="TestCases.ContactTests.GroupTests">
    <skipped/>
  </testcase> <!-- ViewDetailsOfBasicGroup -->
  <testcase name="EditBasicGroup" time="0.003" classname="TestCases.ContactTests.GroupTests">
    <skipped/>
  </testcase> <!-- EditBasicGroup -->
  <testcase name="AddSmartGroup" time="0.003" classname="TestCases.ContactTests.GroupTests">
    <skipped/>
  </testcase> <!-- AddSmartGroup -->
  <testcase name="VerifySearchGroup" time="0.003" classname="TestCases.ContactTests.GroupTests">
    <skipped/>
  </testcase> <!-- VerifySearchGroup -->
  <testcase name="VerifyEditSmartGroup" time="0.003" classname="TestCases.ContactTests.GroupTests">
    <skipped/>
  </testcase> <!-- VerifyEditSmartGroup -->
  <testcase name="VerifyDeleteGroup" time="0.004" classname="TestCases.ContactTests.GroupTests">
    <skipped/>
  </testcase> <!-- VerifyDeleteGroup -->
  <testcase name="NavigateToChannelListPage" time="0.004" classname="TestCases.ContactTests.ChannelTests">
    <skipped/>
  </testcase> <!-- NavigateToChannelListPage -->
  <testcase name="VerifyAddChannel" time="0.003" classname="TestCases.ContactTests.ChannelTests">
    <skipped/>
  </testcase> <!-- VerifyAddChannel -->
  <testcase name="VerifyEditChannel" time="0.031" classname="TestCases.ContactTests.ChannelTests">
    <skipped/>
  </testcase> <!-- VerifyEditChannel -->
  <testcase name="VerifyDeleteChannel" time="0.0" classname="TestCases.ContactTests.ChannelTests">
    <skipped/>
  </testcase> <!-- VerifyDeleteChannel -->
  <testcase name="VerifyContactSubscribeChannelSuccessfully" time="0.0" classname="TestCases.ContactTests.ChannelTests">
    <skipped/>
  </testcase> <!-- VerifyContactSubscribeChannelSuccessfully -->
  <testcase name="VerifySendNotificationtUsingChannel" time="0.0" classname="TestCases.ContactTests.ChannelTests">
    <skipped/>
  </testcase> <!-- VerifySendNotificationtUsingChannel -->
  <testcase name="NavigateToSendNotificationPage" time="0.016" classname="TestCases.NotificationTests.SendNotificationTests">
    <skipped/>
  </testcase> <!-- NavigateToSendNotificationPage -->
  <testcase name="VerifyContactDetailsOnPopUp_Channel" time="0.0" classname="TestCases.NotificationTests.SendNotificationTests">
    <skipped/>
  </testcase> <!-- VerifyContactDetailsOnPopUp_Channel -->
  <testcase name="VerifyGeofencingSectionPresence" time="0.0" classname="TestCases.NotificationTests.SendNotificationTests">
    <skipped/>
  </testcase> <!-- VerifyGeofencingSectionPresence -->
  <testcase name="VerifyContacAssociations" time="0.0" classname="TestCases.NotificationTests.SendNotificationTests">
    <skipped/>
  </testcase> <!-- VerifyContacAssociations -->
  <testcase name="VerifyContactDetailsOnGroupPopUp" time="0.0" classname="TestCases.NotificationTests.SendNotificationTests">
    <skipped/>
  </testcase> <!-- VerifyContactDetailsOnGroupPopUp -->
  <testcase name="VerifySendNotificationToGroup_Geofencing" time="0.0" classname="TestCases.NotificationTests.SendNotificationTests">
    <skipped/>
  </testcase> <!-- VerifySendNotificationToGroup_Geofencing -->
  <testcase name="VerifyContactDetailsOnDirectoryPopUp" time="0.0" classname="TestCases.NotificationTests.SendNotificationTests">
    <skipped/>
  </testcase> <!-- VerifyContactDetailsOnDirectoryPopUp -->
  <testcase name="VerifySendNotificationToContact_Geofencing" time="0.0" classname="TestCases.NotificationTests.SendNotificationTests">
    <skipped/>
  </testcase> <!-- VerifySendNotificationToContact_Geofencing -->
  <testcase name="VerifySendNotificationToDirectory_Geofencing" time="0.0" classname="TestCases.NotificationTests.SendNotificationTests">
    <skipped/>
  </testcase> <!-- VerifySendNotificationToDirectory_Geofencing -->
  <testcase name="VerifyNavigateToDistributionReportPage" time="0.0" classname="TestCases.NotificationTests.DistributionReportTests">
    <skipped/>
  </testcase> <!-- VerifyNavigateToDistributionReportPage -->
  <testcase name="VerifyGeofencingMapTab" time="0.016" classname="TestCases.NotificationTests.DistributionReportTests">
    <skipped/>
  </testcase> <!-- VerifyGeofencingMapTab -->
  <testcase name="VerifyNavigateToExceptionTab" time="0.0" classname="TestCases.NotificationTests.DistributionReportTests">
    <skipped/>
  </testcase> <!-- VerifyNavigateToExceptionTab -->
  <testcase name="VerifyBackButtonFunctionalityOnDistributionDetails" time="0.0" classname="TestCases.NotificationTests.DistributionReportTests">
    <skipped/>
  </testcase> <!-- VerifyBackButtonFunctionalityOnDistributionDetails -->
  <testcase name="VerifyContactDeletion" time="0.0" classname="TestCases.DeletionTests">
    <skipped/>
  </testcase> <!-- VerifyContactDeletion -->
  <testcase name="verifyNavigateToNewsFeedsPage" time="0.015" classname="TestCases.NewsFeedsTests.NewsFeedsTests">
    <skipped/>
  </testcase> <!-- verifyNavigateToNewsFeedsPage -->
  <testcase name="verifyAddNewsAggregateFeed" time="0.0" classname="TestCases.NewsFeedsTests.NewsFeedsTests">
    <skipped/>
  </testcase> <!-- verifyAddNewsAggregateFeed -->
  <testcase name="verifyAddNewsFeed" time="0.0" classname="TestCases.NewsFeedsTests.NewsFeedsTests">
    <skipped/>
  </testcase> <!-- verifyAddNewsFeed -->
  <testcase name="VerifyNavigateToDocumentManagementPage" time="0.0" classname="TestCases.DocumentTests.DocumentManagementTests">
    <skipped/>
  </testcase> <!-- VerifyNavigateToDocumentManagementPage -->
  <testcase name="VerifyAddFolderFromIcon" time="0.016" classname="TestCases.DocumentTests.DocumentManagementTests">
    <skipped/>
  </testcase> <!-- VerifyAddFolderFromIcon -->
  <testcase name="NavigateToDocumentApprovalListPage" time="0.0" classname="TestCases.DocumentTests.DocumentManagementTests">
    <skipped/>
  </testcase> <!-- NavigateToDocumentApprovalListPage -->
  <testcase name="VerifyDocumentApproverSelection" time="0.0" classname="TestCases.DocumentTests.DocumentManagementTests">
    <skipped/>
  </testcase> <!-- VerifyDocumentApproverSelection -->
  <testcase name="VerifyButtonsPresenceOnAddDocumentPage" time="0.0" classname="TestCases.DocumentTests.DocumentManagementTests">
    <skipped/>
  </testcase> <!-- VerifyButtonsPresenceOnAddDocumentPage -->
  <testcase name="VerifyAddDocumentFile" time="0.0" classname="TestCases.DocumentTests.DocumentManagementTests">
    <skipped/>
  </testcase> <!-- VerifyAddDocumentFile -->
  <testcase name="VerifyEditDocumentFile" time="0.015" classname="TestCases.DocumentTests.DocumentManagementTests">
    <skipped/>
  </testcase> <!-- VerifyEditDocumentFile -->
  <testcase name="VerifyEditedDocumentOldVersion" time="0.0" classname="TestCases.DocumentTests.DocumentManagementTests">
    <skipped/>
  </testcase> <!-- VerifyEditedDocumentOldVersion -->
  <testcase name="VerifyPublishDocument" time="0.0" classname="TestCases.DocumentTests.DocumentManagementTests">
    <skipped/>
  </testcase> <!-- VerifyPublishDocument -->
  <testcase name="VerifyScheduleDocument" time="0.016" classname="TestCases.DocumentTests.DocumentManagementTests">
    <skipped/>
  </testcase> <!-- VerifyScheduleDocument -->
  <testcase name="VerifySubmitForApprovalDocument" time="0.0" classname="TestCases.DocumentTests.DocumentManagementTests">
    <skipped/>
  </testcase> <!-- VerifySubmitForApprovalDocument -->
  <testcase name="VerifyApproveDocument" time="0.0" classname="TestCases.DocumentTests.DocumentManagementTests">
    <skipped/>
  </testcase> <!-- VerifyApproveDocument -->
  <testcase name="VerifySendEmailToUser_Document" time="0.0" classname="TestCases.DocumentTests.DocumentManagementTests">
    <skipped/>
  </testcase> <!-- VerifySendEmailToUser_Document -->
  <testcase name="VerifyArchiveDocumentFromMoreDropdwon" time="0.0" classname="TestCases.DocumentTests.DocumentManagementTests">
    <skipped/>
  </testcase> <!-- VerifyArchiveDocumentFromMoreDropdwon -->
  <testcase name="VerifyUnArchiveDocument" time="0.016" classname="TestCases.DocumentTests.DocumentManagementTests">
    <skipped/>
  </testcase> <!-- VerifyUnArchiveDocument -->
  <testcase name="VerifyPublishAndArchiveDocument" time="0.0" classname="TestCases.DocumentTests.DocumentManagementTests">
    <skipped/>
  </testcase> <!-- VerifyPublishAndArchiveDocument -->
  <testcase name="VerifyUnPublishDocument" time="0.016" classname="TestCases.DocumentTests.DocumentManagementTests">
    <skipped/>
  </testcase> <!-- VerifyUnPublishDocument -->
  <testcase name="VerifyDeleteDocument_DMS" time="0.0" classname="TestCases.DocumentTests.DocumentManagementTests">
    <skipped/>
  </testcase> <!-- VerifyDeleteDocument_DMS -->
  <testcase name="VerifyNewDraftFromDocument_DMS" time="0.0" classname="TestCases.DocumentTests.DocumentManagementTests">
    <skipped/>
  </testcase> <!-- VerifyNewDraftFromDocument_DMS -->
  <testcase name="VerifyAddTemplate" time="0.0" classname="TestCases.DocumentTests.DocumentManagementTests">
    <skipped/>
  </testcase> <!-- VerifyAddTemplate -->
  <testcase name="VerifyAddSignature" time="0.0" classname="TestCases.DocumentTests.DocumentManagementTests">
    <skipped/>
  </testcase> <!-- VerifyAddSignature -->
  <testcase name="VerifyMergeSignature" time="0.0" classname="TestCases.DocumentTests.DocumentManagementTests">
    <skipped/>
  </testcase> <!-- VerifyMergeSignature -->
  <testcase name="VerifySendDocumentAsNotification" time="0.0" classname="TestCases.DocumentTests.DocumentManagementTests">
    <skipped/>
  </testcase> <!-- VerifySendDocumentAsNotification -->
  <testcase name="VerifyNavigationToArchiveMessagePage" time="0.0" classname="TestCases.DocumentTests.DocumentManagementTests">
    <skipped/>
  </testcase> <!-- VerifyNavigationToArchiveMessagePage -->
  <testcase name="VerifySaveArchiveMessagePage" time="0.0" classname="TestCases.DocumentTests.DocumentManagementTests">
    <skipped/>
  </testcase> <!-- VerifySaveArchiveMessagePage -->
  <testcase name="VerifyPublishedDocumentDisplayedOnPublicView" time="0.015" classname="TestCases.DocumentTests.DocumentManagementTests">
    <skipped/>
  </testcase> <!-- VerifyPublishedDocumentDisplayedOnPublicView -->
  <testcase name="VerifyArchivedDocumentDisplayedOnPublicView" time="0.0" classname="TestCases.DocumentTests.DocumentManagementTests">
    <skipped/>
  </testcase> <!-- VerifyArchivedDocumentDisplayedOnPublicView -->
  <testcase name="VerifyNavigationToHomePageSettingsPage" time="0.0" classname="TestCases.DocumentTests.DocumentManagementTests">
    <skipped/>
  </testcase> <!-- VerifyNavigationToHomePageSettingsPage -->
  <testcase name="VerifySaveHomePageSettingsPage" time="0.0" classname="TestCases.DocumentTests.DocumentManagementTests">
    <skipped/>
  </testcase> <!-- VerifySaveHomePageSettingsPage -->
  <testcase name="VerifyDescriptionOnHomePage" time="0.016" classname="TestCases.DocumentTests.DocumentManagementTests">
    <skipped/>
  </testcase> <!-- VerifyDescriptionOnHomePage -->
  <testcase name="VerifyDocumentDescription" time="0.0" classname="TestCases.DocumentTests.DocumentManagementTests">
    <skipped/>
  </testcase> <!-- VerifyDocumentDescription -->
  <testcase name="VerifyNavigationToInquiryAnswers" time="0.016" classname="TestCases.DocumentTests.DocumentManagement_Continuation_Tests">
    <skipped/>
  </testcase> <!-- VerifyNavigationToInquiryAnswers -->
  <testcase name="VerifyInquiryAnswerCheckboxIsSelected" time="0.0" classname="TestCases.DocumentTests.DocumentManagement_Continuation_Tests">
    <skipped/>
  </testcase> <!-- VerifyInquiryAnswerCheckboxIsSelected -->
  <testcase name="VerifyPublishedDocumentIsDisplayed" time="0.0" classname="TestCases.DocumentTests.DocumentManagement_Continuation_Tests">
    <skipped/>
  </testcase> <!-- VerifyPublishedDocumentIsDisplayed -->
  <testcase name="VerifyInquiryAnswerPageSavedSuccessfully" time="0.0" classname="TestCases.DocumentTests.DocumentManagement_Continuation_Tests">
    <skipped/>
  </testcase> <!-- VerifyInquiryAnswerPageSavedSuccessfully -->
  <testcase name="VerifyInquiryAnswerInDropdown" time="0.0" classname="TestCases.DocumentTests.DocumentManagement_Continuation_Tests">
    <skipped/>
  </testcase> <!-- VerifyInquiryAnswerInDropdown -->
  <testcase name="VerifyContentInjectionFolder" time="0.0" classname="TestCases.DocumentTests.DocumentManagement_Continuation_Tests">
    <skipped/>
  </testcase> <!-- VerifyContentInjectionFolder -->
  <testcase name="VerifyContentInjectionRecentUpdates" time="0.0" classname="TestCases.DocumentTests.DocumentManagement_Continuation_Tests">
    <skipped/>
  </testcase> <!-- VerifyContentInjectionRecentUpdates -->
  <testcase name="VerifyContentInjectionFeeds" time="0.0" classname="TestCases.DocumentTests.DocumentManagement_Continuation_Tests">
    <skipped/>
  </testcase> <!-- VerifyContentInjectionFeeds -->
  <testcase name="VerifyFolderOptionLabels" time="0.0" classname="TestCases.DocumentTests.DocumentManagement_Continuation_Tests">
    <skipped/>
  </testcase> <!-- VerifyFolderOptionLabels -->
  <testcase name="VerifySearchOnPublicView" time="0.0" classname="TestCases.DocumentTests.DocumentManagement_Continuation_Tests">
    <skipped/>
  </testcase> <!-- VerifySearchOnPublicView -->
  <testcase name="VerifyAddInquiryPublicPage" time="0.016" classname="TestCases.DocumentTests.DocumentManagement_Continuation_Tests">
    <skipped/>
  </testcase> <!-- VerifyAddInquiryPublicPage -->
  <testcase name="VerifySubscribeContactPublicPage" time="0.0" classname="TestCases.DocumentTests.DocumentManagement_Continuation_Tests">
    <skipped/>
  </testcase> <!-- VerifySubscribeContactPublicPage -->
  <testcase name="VerifyDocumentCreation" time="0.0" classname="TestCases.DocumentTests.DocumentManagement_Continuation_Tests">
    <skipped/>
  </testcase> <!-- VerifyDocumentCreation -->
  <testcase name="VerifyNavigationToBulkArchivepage" time="0.0" classname="TestCases.DocumentTests.DocumentManagement_Continuation_Tests">
    <skipped/>
  </testcase> <!-- VerifyNavigationToBulkArchivepage -->
  <testcase name="VerifySearchDocumentsBulkArchive" time="0.0" classname="TestCases.DocumentTests.DocumentManagement_Continuation_Tests">
    <skipped/>
  </testcase> <!-- VerifySearchDocumentsBulkArchive -->
  <testcase name="VerifyArchiveDocument" time="0.0" classname="TestCases.DocumentTests.DocumentManagement_Continuation_Tests">
    <skipped/>
  </testcase> <!-- VerifyArchiveDocument -->
  <testcase name="verifyNavigationToSurveyListPage" time="0.0" classname="TestCases.SurveyTests.SurveyTests">
    <skipped/>
  </testcase> <!-- verifyNavigationToSurveyListPage -->
  <testcase name="verifyAddSurveyandQuestionSuccessfully" time="0.0" classname="TestCases.SurveyTests.SurveyTests">
    <skipped/>
  </testcase> <!-- verifyAddSurveyandQuestionSuccessfully -->
  <testcase name="verifyAddSurveyAnswerSuccessfully" time="0.015" classname="TestCases.SurveyTests.SurveyTests">
    <skipped/>
  </testcase> <!-- verifyAddSurveyAnswerSuccessfully -->
  <testcase name="verifyEditSurvey" time="0.0" classname="TestCases.SurveyTests.SurveyTests">
    <skipped/>
  </testcase> <!-- verifyEditSurvey -->
  <testcase name="verifyNewSurveyIsDisplayed" time="0.0" classname="TestCases.SurveyTests.SurveyTests">
    <skipped/>
  </testcase> <!-- verifyNewSurveyIsDisplayed -->
  <testcase name="verifySubmitSurveyResponse" time="0.0" classname="TestCases.SurveyTests.SurveyTests">
    <skipped/>
  </testcase> <!-- verifySubmitSurveyResponse -->
  <testcase name="verifySurveyResponses" time="0.016" classname="TestCases.SurveyTests.SurveyTests">
    <skipped/>
  </testcase> <!-- verifySurveyResponses -->
  <testcase name="verifySurveyDeletion" time="0.0" classname="TestCases.SurveyTests.SurveyTests">
    <skipped/>
  </testcase> <!-- verifySurveyDeletion -->
  <testcase name="verifyNavigationToWebsiteDashboard" time="0.0" classname="TestCases.OtherModuleTests.WebsiteDashboardTests">
    <skipped/>
  </testcase> <!-- verifyNavigationToWebsiteDashboard -->
  <testcase name="verifyInquiryTabCountAndNavigation" time="0.0" classname="TestCases.OtherModuleTests.WebsiteDashboardTests">
    <skipped/>
  </testcase> <!-- verifyInquiryTabCountAndNavigation -->
  <testcase name="verifyContactTabCountAndNavigation" time="0.0" classname="TestCases.OtherModuleTests.WebsiteDashboardTests">
    <skipped/>
  </testcase> <!-- verifyContactTabCountAndNavigation -->
  <testcase name="verifyDocumentTabCountAndNavigation" time="0.0" classname="TestCases.OtherModuleTests.WebsiteDashboardTests">
    <skipped/>
  </testcase> <!-- verifyDocumentTabCountAndNavigation -->
  <testcase name="verifyInquiryListExcerptNavigation" time="0.0" classname="TestCases.OtherModuleTests.WebsiteDashboardTests">
    <skipped/>
  </testcase> <!-- verifyInquiryListExcerptNavigation -->
  <testcase name="verifyContactDirectoriesNavigation" time="0.0" classname="TestCases.OtherModuleTests.WebsiteDashboardTests">
    <skipped/>
  </testcase> <!-- verifyContactDirectoriesNavigation -->
  <testcase name="verifyContactGroupNavigation" time="20.228" classname="TestCases.OtherModuleTests.WebsiteDashboardTests"/>
</testsuite> <!-- LoginTests -->
